<?xml version="1.0" encoding="UTF-8"?>
<testsuite name="helloworld.AppTest" tests="1" skipped="0" failures="0" errors="0" timestamp="2024-04-02T14:26:33" hostname="DESKTOP-E7BB8EF" time="0.68">
  <properties/>
  <testcase name="successfulResponse" classname="helloworld.AppTest" time="0.68"/>
  <system-out><![CDATA[]]></system-out>
  <system-err><![CDATA[]]></system-err>
</testsuite>
